<?xml version="1.0" encoding="UTF-8"?>
<TestRun id="c8c9fddc-7520-4a4d-9f89-f3b0b891f61d" name="Administrator@WIN-RNMUH95F9U1 2011-09-11 13:20:11" runUser="WIN-RNMUH95F9U1\Administrator" xmlns="http://microsoft.com/schemas/VisualStudio/TeamTest/2010">
  <TestSettings name="Local" id="b356ad35-6e09-43b5-a51a-d3482c61513e">
    <Description>These are default test settings for a local test run.</Description>
    <Deployment userDeploymentRoot="C:\Projects\Urbana\Commerce\System.Web.Commerce\TestResults" useDefaultDeploymentRoot="false" enabled="false" runDeploymentRoot="Administrator_WIN-RNMUH95F9U1 2011-09-11 13_20_11">
      <DeploymentItem filename="C:\Projects\Urbana\Commerce\System.Web.Commerce\packages\EntityFramework.4.1.10715.0\lib\EntityFramework.dll" />
      <DeploymentItem filename="C:\Projects\Urbana\Commerce\System.Web.Commerce\System.Web.Commerce.Data\bin\Debug\System.Web.Commerce.Data.dll" />
      <DeploymentItem filename="C:\Projects\Urbana\Commerce\System.Web.Commerce\Dependencies\Common.Types.Schema.dll" />
      <DeploymentItem filename="C:\Projects\Urbana\Commerce\System.Web.Commerce\System.Web.Commerce\bin\Debug\System.Web.Commerce.dll" />
    </Deployment>
    <Execution>
      <TestTypeSpecific />
      <AgentRule name="Execution Agents">
      </AgentRule>
    </Execution>
  </TestSettings>
  <Times creation="2011-09-11T13:20:11.3629141-04:00" queuing="2011-09-11T13:20:11.5640859-04:00" start="2011-09-11T13:20:11.5767813-04:00" finish="2011-09-11T13:20:12.2486563-04:00" />
  <ResultSummary outcome="Failed">
    <Counters total="1" executed="1" error="0" failed="1" timeout="0" aborted="0" inconclusive="0" passedButRunAborted="0" notRunnable="0" notExecuted="0" disconnected="0" warning="0" passed="0" completed="0" inProgress="0" pending="0" />
  </ResultSummary>
  <TestDefinitions>
    <UnitTest name="Product_InsertTest" storage="c:\projects\urbana\commerce\system.web.commerce\system.web.commerce.data.tests\bin\debug\system.web.commerce.data.tests.dll" id="106d96df-1076-bcf3-6241-6ba6729b6e5e">
      <Execution id="4d4a0d40-f800-4898-9971-48bf6774ceca" />
      <TestMethod codeBase="C:/Projects/Urbana/Commerce/System.Web.Commerce/System.Web.Commerce.Data.Tests/bin/Debug/System.Web.Commerce.Data.Tests.DLL" adapterTypeName="Microsoft.VisualStudio.TestTools.TestTypes.Unit.UnitTestAdapter, Microsoft.VisualStudio.QualityTools.Tips.UnitTest.Adapter, Version=10.0.0.0, Culture=neutral, PublicKeyToken=b03f5f7f11d50a3a" className="System.Web.Commerce.Data.Tests.ContextTests, System.Web.Commerce.Data.Tests, Version=1.0.0.0, Culture=neutral, PublicKeyToken=null" name="Product_InsertTest" />
    </UnitTest>
  </TestDefinitions>
  <TestLists>
    <TestList name="Results Not in a List" id="8c84fa94-04c1-424b-9868-57a2d4851a1d" />
    <TestList name="All Loaded Results" id="19431567-8539-422a-85d7-44ee4e166bda" />
  </TestLists>
  <TestEntries>
    <TestEntry testId="106d96df-1076-bcf3-6241-6ba6729b6e5e" executionId="4d4a0d40-f800-4898-9971-48bf6774ceca" testListId="8c84fa94-04c1-424b-9868-57a2d4851a1d" />
  </TestEntries>
  <Results>
    <UnitTestResult executionId="4d4a0d40-f800-4898-9971-48bf6774ceca" testId="106d96df-1076-bcf3-6241-6ba6729b6e5e" testName="Product_InsertTest" computerName="WIN-RNMUH95F9U1" startTime="2011-09-11T13:20:11.5787344-04:00" endTime="2011-09-11T13:20:12.2291250-04:00" testType="13cdc9d9-ddb5-4fa4-a97d-d965ccfc6d4b" outcome="Failed" testListId="8c84fa94-04c1-424b-9868-57a2d4851a1d" relativeResultsDirectory="4d4a0d40-f800-4898-9971-48bf6774ceca">
      <Output>
        <ErrorInfo>
          <Message>Class Initialization method System.Web.Commerce.Data.Tests.ContextTests.MyClassInitialize threw exception. System.IO.DirectoryNotFoundException: System.IO.DirectoryNotFoundException: Could not find a part of the path 'C:\Projects\Urbana\Commerce\System.Web.Commerce\System.Web.Commerce.Data.Tests\bin\Debug\Resources\cim.xslt'..</Message>
          <StackTrace>    at System.IO.__Error.WinIOError(Int32 errorCode, String maybeFullPath)
   at System.IO.FileStream.Init(String path, FileMode mode, FileAccess access, Int32 rights, Boolean useRights, FileShare share, Int32 bufferSize, FileOptions options, SECURITY_ATTRIBUTES secAttrs, String msgPath, Boolean bFromProxy, Boolean useLongPath)
   at System.IO.FileStream..ctor(String path, FileMode mode, FileAccess access, FileShare share, Int32 bufferSize)
   at System.Xml.XmlDownloadManager.GetStream(Uri uri, ICredentials credentials, IWebProxy proxy, RequestCachePolicy cachePolicy)
   at System.Xml.XmlUrlResolver.GetEntity(Uri absoluteUri, String role, Type ofObjectToReturn)
   at System.Xml.XmlReaderSettings.CreateReader(String inputUri, XmlParserContext inputContext)
   at System.Xml.XmlReader.Create(String inputUri, XmlReaderSettings settings, XmlParserContext inputContext)
   at System.Xml.Linq.XDocument.Load(String uri, LoadOptions options)
   at System.Xml.Linq.XDocument.Load(String uri)
   at System.Web.Commerce.Data.Tests.TestData.CreateNewXslTransformation() in C:\Projects\Urbana\Commerce\System.Web.Commerce\System.Web.Commerce.Data.Tests\TestData.cs:line 39
   at System.Web.Commerce.Data.Tests.TestData.CreateTestData() in C:\Projects\Urbana\Commerce\System.Web.Commerce\System.Web.Commerce.Data.Tests\TestData.cs:line 100
   at System.Web.Commerce.Data.Tests.ContextTests.MyClassInitialize(TestContext testContext) in C:\Projects\Urbana\Commerce\System.Web.Commerce\System.Web.Commerce.Data.Tests\ContextTests.cs:line 43
</StackTrace>
        </ErrorInfo>
      </Output>
    </UnitTestResult>
  </Results>
</TestRun>